[BootStrap]
File1=1,,setup1.ex_,setup1.exe,$(WinPath),,,1/16/1997 0:00:00,164864,5.0.0.3716,"","",""
File2=1,,VB5StKit.dl_,VB5StKit.dll,$(WinSysPath),,$(Shared),1/16/1997 0:00:00,29696,5.0.37.16,"","",""
File3=1,,MSVBVM50.dl_,MSVBVM50.dll,$(WinSysPathSysFile),$(DLLSelfRegister),,3/2/2006 14:00:00,1355776,5.2.82.44,"","",""
File4=1,,StdOle2.tl_,StdOle2.tlb,$(WinSysPathSysFile),$(TLBRegister),,1/15/1997 0:00:00,16896,2.20.4054.1,"","",""
File5=1,,OleAut32.dl_,OleAut32.dll,$(WinSysPathSysFile),$(DLLSelfRegister),,1/15/1997 0:00:00,491792,2.20.4054.1,"","",""
File6=1,,OlePro32.dl_,OlePro32.dll,$(WinSysPathSysFile),$(DLLSelfRegister),,1/15/1997 0:00:00,32528,5.0.4055.1,"","",""
File7=1,,AsycFilt.dl_,AsycFilt.dll,$(WinSysPathSysFile),,,1/15/1997 0:00:00,120592,2.20.4056.1,"","",""
File8=1,,Ctl3d32.dl_,Ctl3d32.dll,$(WinSysPathSysFile),,,8/21/1996 0:00:00,27136,2.31.0.0,"","",""
File9=1,,ComCat.dl_,ComCat.dll,$(WinSysPathSysFile),$(DLLSelfRegister),,10/31/1996 0:00:00,22288,4.71.1441.1,"","",""
[Files]
File1=1,,COMDLG32.OC_,COMDLG32.OCX,$(WinSysPath),$(DLLSelfRegister),$(Shared),3/9/2004 1:00:00,152848,6.1.97.82,"","",""
File2=1,,Enigma.hl_,Enigma.hlp,$(AppPath),,,8/15/2009 10:23:35,52643,,"","",""
File3=1,,ENIGMA.ex_,ENIGMA.exe,$(AppPath),,,9/21/2008 18:13:54,1713664,6.4.0.3,"","ENIGMA","$(AppPath)\ENIGMA.exe"
File4=1,,29-eni.jp_,29-eni.jpg,$(AppPath),,,11/3/2004 19:11:52,20558,,"","",""
File5=1,,01-eni.jp_,01-eni.jpg,$(AppPath),,,11/3/2004 17:43:56,18464,,"","",""
File6=1,,02-eni.jp_,02-eni.jpg,$(AppPath),,,11/3/2004 19:14:00,24630,,"","",""
File7=1,,04-eni.jp_,04-eni.jpg,$(AppPath),,,11/3/2004 17:49:16,29766,,"","",""
File8=1,,05-eni.jp_,05-eni.jpg,$(AppPath),,,11/4/2004 23:38:26,25926,,"","",""
File9=1,,06-eni.jp_,06-eni.jpg,$(AppPath),,,11/3/2004 17:51:04,31235,,"","",""
File10=1,,07-eni.jp_,07-eni.jpg,$(AppPath),,,11/3/2004 17:52:32,34656,,"","",""
File11=1,,08-eni.jp_,08-eni.jpg,$(AppPath),,,11/3/2004 17:54:42,35165,,"","",""
File12=1,,09-eni.jp_,09-eni.jpg,$(AppPath),,,11/3/2004 19:19:06,30852,,"","",""
File13=1,,10-eni.jp_,10-eni.jpg,$(AppPath),,,11/3/2004 17:57:54,30480,,"","",""
File14=1,,11-eni.jp_,11-eni.jpg,$(AppPath),,,11/3/2004 18:42:44,28979,,"","",""
File15=1,,12-eni.jp_,12-eni.jpg,$(AppPath),,,11/3/2004 18:43:42,29901,,"","",""
File16=1,,13-eni.jp_,13-eni.jpg,$(AppPath),,,11/3/2004 18:44:24,24465,,"","",""
File17=1,,14-eni.jp_,14-eni.jpg,$(AppPath),,,11/3/2004 18:46:20,27789,,"","",""
File18=1,,15-eni.jp_,15-eni.jpg,$(AppPath),,,11/3/2004 18:47:54,27880,,"","",""
File19=1,,16-eni.jp_,16-eni.jpg,$(AppPath),,,11/7/2004 12:11:42,26873,,"","",""
File20=1,,17-eni.jp_,17-eni.jpg,$(AppPath),,,11/3/2004 18:52:32,19296,,"","",""
File21=1,,18-eni.jp_,18-eni.jpg,$(AppPath),,,11/3/2004 18:53:34,18076,,"","",""
File22=1,,19-eni.jp_,19-eni.jpg,$(AppPath),,,11/3/2004 18:55:02,24812,,"","",""
File23=1,,20-eni.jp_,20-eni.jpg,$(AppPath),,,11/3/2004 19:07:42,26041,,"","",""
File24=1,,21-eni.jp_,21-eni.jpg,$(AppPath),,,11/3/2004 18:56:54,29993,,"","",""
File25=1,,22-eni.jp_,22-eni.jpg,$(AppPath),,,11/3/2004 19:15:48,23800,,"","",""
File26=1,,23-eni.jp_,23-eni.jpg,$(AppPath),,,11/3/2004 18:59:12,32533,,"","",""
File27=1,,24-eni.jp_,24-eni.jpg,$(AppPath),,,11/3/2004 19:00:00,52262,,"","",""
File28=1,,25-eni.jp_,25-eni.jpg,$(AppPath),,,11/3/2004 19:01:14,22719,,"","",""
File29=1,,26-eni.jp_,26-eni.jpg,$(AppPath),,,11/3/2004 19:02:06,23125,,"","",""
File30=1,,27-eni.jp_,27-eni.jpg,$(AppPath),,,11/3/2004 19:03:12,33028,,"","",""
File31=1,,28-eni.jp_,28-eni.jpg,$(AppPath),,,11/3/2004 19:06:22,23102,,"","",""
File32=1,,Enigma Sim Manual.pd_,Enigma Sim Manual.pdf,$(AppPath),,,2/27/2010 11:30:21,305986,,"","",""
File33=1,,Readme.tx_,Readme.txt,$(AppPath),,,8/22/2010 18:56:47,6007,,"","",""

[Setup]
Title=ENIGMA
DefProgramGroup=ENIGMA
DefaultDir=$(ProgramFiles)\ENIGMA
Setup=setup1.exe
AppExe=ENIGMA.exe
AppToUninstall=ENIGMA.exe
AppPath=

; The following lines may be deleted in order to obtain extra 
; space for customizing this file on a full installation diskette.
; 
; XXXXXXXXXXXXXXXXXXXXXXXXXXXXXXXXXXXXXXXXXXXXXXXXXXXXXXXXXXXX
; XXXXXXXXXXXXXXXXXXXXXXXXXXXXXXXXXXXXXXXXXXXXXXXXXXXXXXXXXXXX
; XXXXXXXXXXXXXXXXXXXXXXXXXXXXXXXXXXXXXXXXXXXXXXXXXXXXXXXXXXXX
; XXXXXXXXXXXXXXXXXXXXXXXXXXXXXXXXXXXXXXXXXXXXXXXXXXXXXXXXXXXX
; XXXXXXXXXXXXXXXXXXXXXXXXXXXXXXXXXXXXXXXXXXXXXXXXXXXXXXXXXXXX
; XXXXXXXXXXXXXXXXXXXXXXXXXXXXXXXXXXXXXXXXXXXXXXXXXXXXXXXXXXXX
; XXXXXXXXXXXXXXXXXXXXXXXXXXXXXXXXXXXXXXXXXXXXXXXXXXXXXXXXXXXX
; XXXXXXXXXXXXXXXXXXXXXXXXXXXXXXXXXXXXXXXXXXXXXXXXXXXXXXXXXXXX
; XXXXXXXXXXXXXXXXXXXXXXXXXXXXXXXXXXXXXXXXXXXXXXXXXXXXXXXXXXXX
; XXXXXXXXXXXXXXXXXXXXXXXXXXXXXXXXXXXXXXXXXXXXXXXXXXXXXXXXXXXX
; XXXXXXXXXXXXXXXXXXXXXXXXXXXXXXXXXXXXXXXXXXXXXXXXXXXXXXXXXXXX
; XXXXXXXXXXXXXXXXXXXXXXXXXXXXXXXXXXXXXXXXXXXXXXXXXXXXXXXXXXXX
; XXXXXXXXXXXXXXXXXXXXXXXXXXXXXXXXXXXXXXXXXXXXXXXXXXXXXXXXXXXX
; XXXXXXXXXXXXXXXXXXXXXXXXXXXXXXXXXXXXXXXXXXXXXXXXXXXXXXXXXXXX
; XXXXXXXXXXXXXXXXXXXXXXXXXXXXXXXXXXXXXXXXXXXXXXXXXXXXXXXXXXXX
; XXXXXXXXXXXXXXXXXXXXXXXXXXXXXXXXXXXXXXXXXXXXXXXXXXXXXXXXXXXX
; XXXXXXXXXXXXXXXXXXXXXXXXXXXXXXXXXXXXXXXXXXXXXXXXXXXXXXXXXXXX
; XXXXXXXXXXXXXXXXXXXXXXXXXXXXXXXXXXXXXXXXXXXXXXXXXXXXXXXXXXXX
; XXXXXXXXXXXXXXXXXXXXXXXXXXXXXXXXXXXXXXXXXXXXXXXXXXXXXXXXXXXX
; XXXXXXXXXXXXXXXXXXXXXXXXXXXXXXXXXXXXXXXXXXXXXXXXXXXXXXXXXXXX
; XXXXXXXXXXXXXXXXXXXXXXXXXXXXXXXXXXXXXXXXXXXXXXXXXXXXXXXXXXXX
; XXXXXXXXXXXXXXXXXXXXXXXXXXXXXXXXXXXXXXXXXXXXXXXXXXXXXXXXXXXX
; XXXXXXXXXXXXXXXXXXXXXXXXXXXXXXXXXXXXXXXXXXXXXXXXXXXXXXXXXXXX
; XXXXXXXXXXXXXXXXXXXXXXXXXXXXXXXXXXXXXXXXXXXXXXXXXXXXXXXXXXXX
; XXXXXXXXXXXXXXXXXXXXXXXXXXXXXXXXXXXXXXXXXXXXXXXXXXXXXXXXXXXX
; XXXXXXXXXXXXXXXXXXXXXXXXXXXXXXXXXXXXXXXXXXXXXXXXXXXXXXXXXXXX
; XXXXXXXXXXXXXXXXXXXXXXXXXXXXXXXXXXXXXXXXXXXXXXXXXXXXXXXXXXXX
; XXXXXXXXXXXXXXXXXXXXXXXXXXXXXXXXXXXXXXXXXXXXXXXXXXXXXXXXXXXX
; XXXXXXXXXXXXXXXXXXXXXXXXXXXXXXXXXXXXXXXXXXXXXXXXXXXXXXXXXXXX
; XXXXXXXXXXXXXXXXXXXXXXXXXXXXXXXXXXXXXXXXXXXXXXXXXXXXXXXXXXXX
; XXXXXXXXXXXXXXXXXXXXXXXXXXXXXXXXXXXXXXXXXXXXXXXXXXXXXXXXXXXX
; XXXXXXXXXXXXXXXXXXXXXXXXXXXXXXXXXXXXXXXXXXXXXXXXXXXXXXXXXXXX
; XXXXXXXXXXXXXXXXXXXXXXXXXXXXXXXXXXXXXXXXXXXXXXXXXXXXXXXXXXXX
; XXXXXXXXXXXXXXXXXXXXXXXXXXXXXXXXXXXXXXXXXXXXXXXXXXXXXXXXXXXX
; XXXXXXXXXXXXXXXXXXXXXXXXXXXXXXXXXXXXXXXXXXXXXXXXXXXXXXXXXXXX
; XXXXXXXXXXXXXXXXXXXXXXXXXXXXXXXXXXXXXXXXXXXXXXXXXXXXXXXXXXXX
; XXXXXXXXXXXXXXXXXXXXXXXXXXXXXXXXXXXXXXXXXXXXXXXXXXXXXXXXXXXX
; XXXXXXXXXXXXXXXXXXXXXXXXXXXXXXXXXXXXXXXXXXXXXXXXXXXXXXXXXXXX
; XXXXXXXXXXXXXXXXXXXXXXXXXXXXXXXXXXXXXXXXXXXXXXXXXXXXXXXXXXXX
; XXXXXXXXXXXXXXXXXXXXXXXXXXXXXXXXXXXXXXXXXXXXXXXXXXXXXXXXXXXX
; XXXXXXXXXXXXXXXXXXXXXXXXXXXXXXXXXXXXXXXXXXXXXXXXXXXXXXXXXXXX
; XXXXXXXXXXXXXXXXXXXXXXXXXXXXXXXXXXXXXXXXXXXXXXXXXXXXXXXXXXXX
; XXXXXXXXXXXXXXXXXXXXXXXXXXXXXXXXXXXXXXXXXXXXXXXXXXXXXXXXXXXX
; XXXXXXXXXXXXXXXXXXXXXXXXXXXXXXXXXXXXXXXXXXXXXXXXXXXXXXXXXXXX
; XXXXXXXXXXXXXXXXXXXXXXXXXXXXXXXXXXXXXXXXXXXXXXXXXXXXXXXXXXXX
; XXXXXXXXXXXXXXXXXXXXXXXXXXXXXXXXXXXXXXXXXXXXXXXXXXXXXXXXXXXX
; XXXXXXXXXXXXXXXXXXXXXXXXXXXXXXXXXXXXXXXXXXXXXXXXXXXXXXXXXXXX
; XXXXXXXXXXXXXXXXXXXXXXXXXXXXXXXXXXXXXXXXXXXXXXXXXXXXXXXXXXXX
; XXXXXXXXXXXXXXXXXXXXXXXXXXXXXXXXXXXXXXXXXXXXXXXXXXXXXXXXXXXX
; XXXXXXXXXXXXXXXXXXXXXXXXXXXXXXXXXXXXXXXXXXXXXXXXXXXXXXXXXXXX
; XXXXXXXXXXXXXXXXXXXXXXXXXXXXXXXXXXXXXXXXXXXXXXXXXXXXXXXXXXXX
; XXXXXXXXXXXXXXXXXXXXXXXXXXXXXXXXXXXXXXXXXXXXXXXXXXXXXXXXXXXX
; XXXXXXXXXXXXXXXXXXXXXXXXXXXXXXXXXXXXXXXXXXXXXXXXXXXXXXXXXXXX
; XXXXXXXXXXXXXXXXXXXXXXXXXXXXXXXXXXXXXXXXXXXXXXXXXXXXXXXXXXXX
; XXXXXXXXXXXXXXXXXXXXXXXXXXXXXXXXXXXXXXXXXXXXXXXXXXXXXXXXXXXX
; XXXXXXXXXXXXXXXXXXXXXXXXXXXXXXXXXXXXXXXXXXXXXXXXXXXXXXXXXXXX
; XXXXXXXXXXXXXXXXXXXXXXXXXXXXXXXXXXXXXXXXXXXXXXXXXXXXXXXXXXXX
; XXXXXXXXXXXXXXXXXXXXXXXXXXXXXXXXXXXXXXXXXXXXXXXXXXXXXXXXXXXX
; XXXXXXXXXXXXXXXXXXXXXXXXXXXXXXXXXXXXXXXXXXXXXXXXXXXXXXXXXXXX
; XXXXXXXXXXXXXXXXXXXXXXXXXXXXXXXXXXXXXXXXXXXXXXXXXXXXXXXXXXXX
; XXXXXXXXXXXXXXXXXXXXXXXXXXXXXXXXXXXXXXXXXXXXXXXXXXXXXXXXXXXX
; XXXXXXXXXXXXXXXXXXXXXXXXXXXXXXXXXXXXXXXXXXXXXXXXXXXXXXXXXXXX
; XXXXXXXXXXXXXXXXXXXXXXXXXXXXXXXXXXXXXXXXXXXXXXXXXXXXXXXXXXXX
; XXXXXXXXXXXXXXXXXXXXXXXXXXXXXXXXXXXXXXXXXXXXXXXXXXXXXXXXXXXX
; XXXXXXXXXXXXXXXXXXXXXXXXXXXXXXXXXXXXXXXXXXXXXXXXXXXXXXXXXXXX
; XXXXXXXXXXXXXXXXXXXXXXXXXXXXXXXXXXXXXXXXXXXXXXXXXXXXXXXXXXXX
; XXXXXXXXXXXXXXXXXXXXXXXXXXXXXXXXXXXXXXXXXXXXXXXXXXXXXXXXXXXX
; XXXXXXXXXXXXXXXXXXXXXXXXXXXXXXXXXXXXXXXXXXXXXXXXXXXXXXXXXXXX
; XXXXXXXXXXXXXXXXXXXXXXXXXXXXXXXXXXXXXXXXXXXXXXXXXXXXXXXXXXXX
; XXXXXXXXXXXXXXXXXXXXXXXXXXXXXXXXXXXXXXXXXXXXXXXXXXXXXXXXXXXX
; XXXXXXXXXXXXXXXXXXXXXXXXXXXXXXXXXXXXXXXXXXXXXXXXXXXXXXXXXXXX
; XXXXXXXXXXXXXXXXXXXXXXXXXXXXXXXXXXXXXXXXXXXXXXXXXXXXXXXXXXXX
; XXXXXXXXXXXXXXXXXXXXXXXXXXXXXXXXXXXXXXXXXXXXXXXXXXXXXXXXXXXX
; XXXXXXXXXXXXXXXXXXXXXXXXXXXXXXXXXXXXXXXXXXXXXXXXXXXXXXXXXXXX
; XXXXXXXXXXXXXXXXXXXXXXXXXXXXXXXXXXXXXXXXXXXXXXXXXXXXXXXXXXXX
; XXXXXXXXXXXXXXXXXXXXXXXXXXXXXXXXXXXXXXXXXXXXXXXXXXXXXXXXXXXX
; XXXXXXXXXXXXXXXXXXXXXXXXXXXXXXXXXXXXXXXXXXXXXXXXXXXXXXXXXXXX
; XXXXXXXXXXXXXXXXXXXXXXXXXXXXXXXXXXXXXXXXXXXXXXXXXXXXXXXXXXXX
; XXXXXXXXXXXXXXXXXXXXXXXXXXXXXXXXXXXXXXXXXXXXXXXXXXXXXXXXXXXX
; XXXXXXXXXXXXXXXXXXXXXXXXXXXXXXXXXXXXXXXXXXXXXXXXXXXXXXXXXXXX
; XXXXXXXXXXXXXXXXXXXXXXXXXXXXXXXXXXXXXXXXXXXXXXXXXXXXXXXXXXXX
; XXXXXXXXXXXXXXXXXXXXXXXXXXXXXXXXXXXXXXXXXXXXXXXXXXXXXXXXXXXX
; XXXXXXXXXXXXXXXXXXXXXXXXXXXXXXXXXXXXXXXXXXXXXXXXXXXXXXXXXXXX
; XXXXXXXXXXXXXXXXXXXXXXXXXXXXXXXXXXXXXXXXXXXXXXXXXXXXXXXXXXXX
; XXXXXXXXXXXXXXXXXXXXXXXXXXXXXXXXXXXXXXXXXXXXXXXXXXXXXXXXXXXX
; XXXXXXXXXXXXXXXXXXXXXXXXXXXXXXXXXXXXXXXXXXXXXXXXXXXXXXXXXXXX
